Determining if the pthread_create exist failed with the following output:
Change Dir: /home/colin/RRBot/build/CMakeFiles/CMakeTmp

Run Build Command:"/usr/bin/make" "cmTC_ac511/fast"
/usr/bin/make -f CMakeFiles/cmTC_ac511.dir/build.make CMakeFiles/cmTC_ac511.dir/build
make[1]: Entering directory '/home/colin/RRBot/build/CMakeFiles/CMakeTmp'
Building C object CMakeFiles/cmTC_ac511.dir/CheckSymbolExists.c.o
/usr/bin/cc     -o CMakeFiles/cmTC_ac511.dir/CheckSymbolExists.c.o   -c /home/colin/RRBot/build/CMakeFiles/CMakeTmp/CheckSymbolExists.c
Linking C executable cmTC_ac511
/usr/bin/cmake -E cmake_link_script CMakeFiles/cmTC_ac511.dir/link.txt --verbose=1
/usr/bin/cc       CMakeFiles/cmTC_ac511.dir/CheckSymbolExists.c.o  -o cmTC_ac511 -rdynamic 
CMakeFiles/cmTC_ac511.dir/CheckSymbolExists.c.o: In function `main':
CheckSymbolExists.c:(.text+0x16): undefined reference to `pthread_create'
collect2: error: ld returned 1 exit status
CMakeFiles/cmTC_ac511.dir/build.make:97: recipe for target 'cmTC_ac511' failed
make[1]: *** [cmTC_ac511] Error 1
make[1]: Leaving directory '/home/colin/RRBot/build/CMakeFiles/CMakeTmp'
Makefile:126: recipe for target 'cmTC_ac511/fast' failed
make: *** [cmTC_ac511/fast] Error 2

File /home/colin/RRBot/build/CMakeFiles/CMakeTmp/CheckSymbolExists.c:
/* */
#include <pthread.h>

int main(int argc, char** argv)
{
  (void)argv;
#ifndef pthread_create
  return ((int*)(&pthread_create))[argc];
#else
  (void)argc;
  return 0;
#endif
}

Determining if the function pthread_create exists in the pthreads failed with the following output:
Change Dir: /home/colin/RRBot/build/CMakeFiles/CMakeTmp

Run Build Command:"/usr/bin/make" "cmTC_3b5ea/fast"
/usr/bin/make -f CMakeFiles/cmTC_3b5ea.dir/build.make CMakeFiles/cmTC_3b5ea.dir/build
make[1]: Entering directory '/home/colin/RRBot/build/CMakeFiles/CMakeTmp'
Building C object CMakeFiles/cmTC_3b5ea.dir/CheckFunctionExists.c.o
/usr/bin/cc    -DCHECK_FUNCTION_EXISTS=pthread_create   -o CMakeFiles/cmTC_3b5ea.dir/CheckFunctionExists.c.o   -c /usr/share/cmake-3.5/Modules/CheckFunctionExists.c
Linking C executable cmTC_3b5ea
/usr/bin/cmake -E cmake_link_script CMakeFiles/cmTC_3b5ea.dir/link.txt --verbose=1
/usr/bin/cc   -DCHECK_FUNCTION_EXISTS=pthread_create    CMakeFiles/cmTC_3b5ea.dir/CheckFunctionExists.c.o  -o cmTC_3b5ea -rdynamic -lpthreads 
/usr/bin/ld: cannot find -lpthreads
collect2: error: ld returned 1 exit status
CMakeFiles/cmTC_3b5ea.dir/build.make:97: recipe for target 'cmTC_3b5ea' failed
make[1]: *** [cmTC_3b5ea] Error 1
make[1]: Leaving directory '/home/colin/RRBot/build/CMakeFiles/CMakeTmp'
Makefile:126: recipe for target 'cmTC_3b5ea/fast' failed
make: *** [cmTC_3b5ea/fast] Error 2


